2017-11-08 12:45:40 +0000 [MT] Initial pipeline context: <IDEDistributionProcessingPipelineContext: 0x7fe1466bd120; archive(resolved)='<IDEArchive: 0x7fe1464b09b0>', distributionTask(resolved)='2', distributionMethod(resolved)='<IDEDistributionMethodiOSAppStoreExport: 0x7fe1465791e0>', team(resolved)='<IDEProvisioningBasicTeam 0x7fe1466ad560: teamID: W2M7APU8R5, teamName: (null)>'>
	Chain (11, self inclusive):
	<IDEDistributionProcessingPipelineContext: 0x7fe1466bd120; archive = '<IDEArchive: 0x7fe1464b09b0>', distributionMethod='<IDEDistributionMethodiOSAppStoreExport: 0x7fe1465791e0>', team='<IDEProvisioningBasicTeam 0x7fe1466ad560: teamID: W2M7APU8R5, teamName: (null)>'>
	<IDEDistributionProcessingPipelineContext: 0x7fe146739260; archive = '<IDEArchive: 0x7fe1464b09b0>', distributionMethod='<IDEDistributionMethodiOSAppStoreExport: 0x7fe1465791e0>', team='<IDEProvisioningBasicTeam 0x7fe1466ad560: teamID: W2M7APU8R5, teamName: (null)>'>
	<IDEDistributionContext: 0x7fe1462f1a20; archive = '<IDEArchive: 0x7fe1464b09b0>', distributionMethod='<IDEDistributionMethodiOSAppStoreExport: 0x7fe1465791e0>', team='<IDEProvisioningBasicTeam 0x7fe1466ad560: teamID: W2M7APU8R5, teamName: (null)>'>
	<IDEDistributionContext: 0x7fe1462e3ee0; archive = '<IDEArchive: 0x7fe1464b09b0>', distributionMethod='<IDEDistributionMethodiOSAppStoreExport: 0x7fe1465791e0>', team='<IDEProvisioningBasicTeam 0x7fe1466ad560: teamID: W2M7APU8R5, teamName: (null)>'>
	<IDEDistributionContext: 0x7fe1466b91b0; archive = '<IDEArchive: 0x7fe1464b09b0>', distributionMethod='<IDEDistributionMethodiOSAppStoreExport: 0x7fe1465791e0>', team='<IDEProvisioningBasicTeam 0x7fe1466ad560: teamID: W2M7APU8R5, teamName: (null)>'>
	<IDEDistributionContext: 0x7fe146582440; archive = '<IDEArchive: 0x7fe1464b09b0>', distributionMethod='<IDEDistributionMethodiOSAppStoreExport: 0x7fe1465791e0>', team='<IDEProvisioningBasicTeam 0x7fe1466ad560: teamID: W2M7APU8R5, teamName: (null)>'>
	<IDEDistributionContext: 0x7fe1466adc90; archive = '<IDEArchive: 0x7fe1464b09b0>', distributionMethod='<IDEDistributionMethodiOSAppStoreExport: 0x7fe1465791e0>', team='<IDEProvisioningBasicTeam 0x7fe1466ad560: teamID: W2M7APU8R5, teamName: (null)>'>
	<IDEDistributionContext: 0x7fe146575230; archive = '<IDEArchive: 0x7fe1464b09b0>', distributionMethod='<IDEDistributionMethodiOSAppStoreExport: 0x7fe1465791e0>', team='<IDEProvisioningBasicTeam 0x7fe1466ad560: teamID: W2M7APU8R5, teamName: (null)>'>
	<IDEDistributionContext: 0x7fe1465762f0; archive = '<IDEArchive: 0x7fe1464b09b0>', distributionMethod='<IDEDistributionMethodiOSAppStoreExport: 0x7fe1465791e0>', team='<IDEProvisioningBasicTeam 0x7fe1466ad560: teamID: W2M7APU8R5, teamName: (null)>'>
	<IDEDistributionContext: 0x7fe146713cd0; archive = '<IDEArchive: 0x7fe1464b09b0>', distributionMethod='<IDEDistributionMethodiOSAppStoreExport: 0x7fe1465791e0>', team='(null)'>
	<IDEDistributionContext: 0x7fe1464eb430; archive = '<IDEArchive: 0x7fe1464b09b0>', distributionMethod='(null)', team='(null)'>
</IDEDistributionProcessingPipelineContext: 0x7fe1466bd120>
2017-11-08 12:45:40 +0000 [MT] Processing step: IDEDistributionCreateDestRootStep
2017-11-08 12:45:40 +0000 [MT] Processing step: IDEDistributionCopyItemStep
2017-11-08 12:45:40 +0000 [MT] Running /usr/bin/ditto '-V' '/Users/apple/Desktop/ShellScriptBuildDemo/ShellScriptBuildDemo-IPA/ShellScriptBuildDemo.xcarchive/Products/Applications/ShellScriptBuildDemo.app' '/var/folders/3_/4qk0t2014_d9vnrgd3jnnpg40000gn/T/XcodeDistPipeline.jSg/Root/Payload/ShellScriptBuildDemo.app'
2017-11-08 12:45:40 +0000  >>> Copying /Users/apple/Desktop/ShellScriptBuildDemo/ShellScriptBuildDemo-IPA/ShellScriptBuildDemo.xcarchive/Products/Applications/ShellScriptBuildDemo.app 
2017-11-08 12:45:40 +0000  copying file ./_CodeSignature/CodeResources ... 
6057 bytes for ./_CodeSignature/CodeResources
copying file ./AppStoreExportOptionsPlist.plist ... 
2017-11-08 12:45:40 +0000  239 bytes for ./AppStoreExportOptionsPlist.plist
copying file ./archived-expanded-entitlements.xcent ... 
376 bytes for ./archived-expanded-entitlements.xcent
copying file ./Base.lproj/LaunchScreen.storyboardc/01J-lp-oVM-view-Ze5-6b-2t3.nib ... 
1136 bytes for ./Base.lproj/LaunchScreen.storyboardc/01J-lp-oVM-view-Ze5-6b-2t3.nib
copying file ./Base.lproj/LaunchScreen.storyboardc/Info.plist ... 
258 bytes for ./Base.lproj/LaunchScreen.storyboardc/Info.plist
copying file ./Base.lproj/LaunchScreen.storyboardc/UIViewController-01J-lp-oVM.nib ... 
832 bytes for ./Base.lproj/LaunchScreen.storyboardc/UIViewController-01J-lp-oVM.nib
copying file ./Base.lproj/Main.storyboardc/BYZ-38-t0r-view-8bC-Xf-vdC.nib ... 
1136 bytes for ./Base.lproj/Main.storyboardc/BYZ-38-t0r-view-8bC-Xf-vdC.nib
copying file ./Base.lproj/Main.storyboardc/Info.plist ... 
258 bytes for ./Base.lproj/Main.storyboardc/Info.plist
copying file ./Base.lproj/Main.storyboardc/UIViewController-BYZ-38-t0r.nib ... 
916 bytes for ./Base.lproj/Main.storyboardc/UIViewController-BYZ-38-t0r.nib
copying file ./Build.sh ... 
10159 bytes for ./Build.sh
copying file ./DevelopmentExportOptionsPlist.plist ... 
42 bytes for ./DevelopmentExportOptionsPlist.plist
copying file ./embedded.mobileprovision ... 
7485 bytes for ./embedded.mobileprovision
copying file ./Info.plist ... 
1137 bytes for ./Info.plist
copying file ./PkgInfo ... 
8 bytes for ./PkgInfo
copying file ./ShellScriptBuildDemo ... 
344784 bytes for ./ShellScriptBuildDemo
2017-11-08 12:45:40 +0000 [MT] /usr/bin/ditto exited with 0
2017-11-08 12:45:40 +0000 [MT] Processing step: IDEDistributionEmbedProfileStep
2017-11-08 12:45:40 +0000 [MT] Processing step: IDEDistributionItemRemovalStep
2017-11-08 12:45:40 +0000 [MT] Processing step: IDEDistributionAppThinningPlistStep
2017-11-08 12:45:40 +0000 [MT] Skipping step: IDEDistributionAppThinningPlistStep because it said so
2017-11-08 12:45:40 +0000 [MT] Processing step: IDEDistributionCompileBitcodeStep
2017-11-08 12:45:40 +0000 [MT] Skipping step: IDEDistributionCompileBitcodeStep because it said so
2017-11-08 12:45:40 +0000 [MT] Processing step: IDEDistributionCodeSlimmingStep
2017-11-08 12:45:40 +0000 [MT] Processing step: IDEDistributionCopyBCSymbolMapsStep
2017-11-08 12:45:40 +0000 [MT] Running /usr/bin/ditto '-V' '/Users/apple/Desktop/ShellScriptBuildDemo/ShellScriptBuildDemo-IPA/ShellScriptBuildDemo.xcarchive/BCSymbolMaps/D780FF58-4E65-3CB8-BCF2-1EB8E3E226C7.bcsymbolmap' '/var/folders/3_/4qk0t2014_d9vnrgd3jnnpg40000gn/T/XcodeDistPipeline.jSg/Root/BCSymbolMaps/D780FF58-4E65-3CB8-BCF2-1EB8E3E226C7.bcsymbolmap'
2017-11-08 12:45:40 +0000  >>> Copying /Users/apple/Desktop/ShellScriptBuildDemo/ShellScriptBuildDemo-IPA/ShellScriptBuildDemo.xcarchive/BCSymbolMaps/D780FF58-4E65-3CB8-BCF2-1EB8E3E226C7.bcsymbolmap 
2017-11-08 12:45:40 +0000  copying file ./D780FF58-4E65-3CB8-BCF2-1EB8E3E226C7.bcsymbolmap ... 
2017-11-08 12:45:40 +0000  12796 bytes for ./D780FF58-4E65-3CB8-BCF2-1EB8E3E226C7.bcsymbolmap
2017-11-08 12:45:40 +0000 [MT] /usr/bin/ditto exited with 0
2017-11-08 12:45:40 +0000 [MT] Running /usr/bin/ditto '-V' '/Users/apple/Desktop/ShellScriptBuildDemo/ShellScriptBuildDemo-IPA/ShellScriptBuildDemo.xcarchive/BCSymbolMaps/7BE10B37-EA68-3EDF-9DF6-DF57B950BC35.bcsymbolmap' '/var/folders/3_/4qk0t2014_d9vnrgd3jnnpg40000gn/T/XcodeDistPipeline.jSg/Root/BCSymbolMaps/7BE10B37-EA68-3EDF-9DF6-DF57B950BC35.bcsymbolmap'
2017-11-08 12:45:40 +0000  >>> Copying /Users/apple/Desktop/ShellScriptBuildDemo/ShellScriptBuildDemo-IPA/ShellScriptBuildDemo.xcarchive/BCSymbolMaps/7BE10B37-EA68-3EDF-9DF6-DF57B950BC35.bcsymbolmap 
2017-11-08 12:45:40 +0000  copying file ./7BE10B37-EA68-3EDF-9DF6-DF57B950BC35.bcsymbolmap ... 
2017-11-08 12:45:40 +0000  9804 bytes for ./7BE10B37-EA68-3EDF-9DF6-DF57B950BC35.bcsymbolmap
2017-11-08 12:45:40 +0000 [MT] /usr/bin/ditto exited with 0
2017-11-08 12:45:40 +0000 [MT] Processing step: IDEDistributionSymbolsStep
2017-11-08 12:45:40 +0000 [MT] Excluding symbols for ShellScriptBuildDemo.app
2017-11-08 12:45:40 +0000 [MT] Processing step: IDEDistributionCopyAppleProvidedContentStep
2017-11-08 12:45:40 +0000 [MT] Processing step: IDEDistributionAppThinningStep
2017-11-08 12:45:40 +0000 [MT] Skipping step: IDEDistributionAppThinningStep because it said so
2017-11-08 12:45:40 +0000 [MT] Processing step: IDEDistributionODRStep
2017-11-08 12:45:40 +0000 [MT] Processing step: IDEDistributionStripXattrsStep
2017-11-08 12:45:40 +0000 [MT] Running /usr/bin/xattr '-cr' '/var/folders/3_/4qk0t2014_d9vnrgd3jnnpg40000gn/T/XcodeDistPipeline.jSg/Root/Payload/ShellScriptBuildDemo.app'
2017-11-08 12:45:40 +0000 [MT] /usr/bin/xattr exited with 0
2017-11-08 12:45:40 +0000 [MT] Processing step: IDEDistributionCodesignStep
2017-11-08 12:45:40 +0000 [MT] Applying entitlements delta for <IDEDistributionItem: 0x7fe1466b0630 'com.ellassay.madaha' '<DVTFilePath:0x7fe1463809f0:'/Users/apple/Desktop/ShellScriptBuildDemo/ShellScriptBuildDemo-IPA/ShellScriptBuildDemo.xcarchive/Products/Applications/ShellScriptBuildDemo.app'>'> from <IDEiCloudEntitlementsProcessor: 0x7fe1466b2470>: {
}
2017-11-08 12:45:40 +0000 [MT] Entitlements for <IDEDistributionItem: 0x7fe1466b0630 'com.ellassay.madaha' '<DVTFilePath:0x7fe1463809f0:'/Users/apple/Desktop/ShellScriptBuildDemo/ShellScriptBuildDemo-IPA/ShellScriptBuildDemo.xcarchive/Products/Applications/ShellScriptBuildDemo.app'>'>: {
    "application-identifier" = "W2M7APU8R5.com.ellassay.madaha";
    "beta-reports-active" = 1;
    "com.apple.developer.team-identifier" = W2M7APU8R5;
    "get-task-allow" = 0;
    "keychain-access-groups" =     (
        "W2M7APU8R5.com.ellassay.madaha"
    );
}
2017-11-08 12:45:40 +0000 [MT] Writing entitlements for <IDEDistributionItem: 0x7fe1466b0630 'com.ellassay.madaha' '<DVTFilePath:0x7fe1463809f0:'/Users/apple/Desktop/ShellScriptBuildDemo/ShellScriptBuildDemo-IPA/ShellScriptBuildDemo.xcarchive/Products/Applications/ShellScriptBuildDemo.app'>'> to: /var/folders/3_/4qk0t2014_d9vnrgd3jnnpg40000gn/T/XcodeDistPipeline.jSg/entitlementstJ6XMl
2017-11-08 12:45:40 +0000 [MT] Running /usr/bin/codesign '-vvv' '--force' '--sign' '86FC70FD77C0A12BE81E4585E04FB0BF949302E7' '--preserve-metadata=identifier,flags' '--entitlements' '/var/folders/3_/4qk0t2014_d9vnrgd3jnnpg40000gn/T/XcodeDistPipeline.jSg/entitlementstJ6XMl' '/var/folders/3_/4qk0t2014_d9vnrgd3jnnpg40000gn/T/XcodeDistPipeline.jSg/Root/Payload/ShellScriptBuildDemo.app'
2017-11-08 12:45:40 +0000  /var/folders/3_/4qk0t2014_d9vnrgd3jnnpg40000gn/T/XcodeDistPipeline.jSg/Root/Payload/ShellScriptBuildDemo.app: signed app bundle with Mach-O universal (armv7 arm64) [com.ellassay.madaha]
2017-11-08 12:45:40 +0000  
2017-11-08 12:45:40 +0000 [MT] /usr/bin/codesign exited with 0
2017-11-08 12:45:40 +0000 [MT] Processing step: IDEDistributionStreamingZipItemStep
2017-11-08 12:45:40 +0000 [MT] Skipping step: IDEDistributionStreamingZipItemStep because it said so
2017-11-08 12:45:40 +0000 [MT] Processing step: IDEDistributionCreateIPAStep
2017-11-08 12:45:40 +0000 [MT] Running /usr/bin/ditto '-V' '-c' '-k' '--norsrc' '/var/folders/3_/4qk0t2014_d9vnrgd3jnnpg40000gn/T/XcodeDistPipeline.jSg/Root' '/var/folders/3_/4qk0t2014_d9vnrgd3jnnpg40000gn/T/XcodeDistPipeline.jSg/Packages/ShellScriptBuildDemo.ipa'
2017-11-08 12:45:40 +0000  >>> Copying /var/folders/3_/4qk0t2014_d9vnrgd3jnnpg40000gn/T/XcodeDistPipeline.jSg/Root 
2017-11-08 12:45:40 +0000  copying file ./BCSymbolMaps/7BE10B37-EA68-3EDF-9DF6-DF57B950BC35.bcsymbolmap ... 
2017-11-08 12:45:40 +0000  9804 bytes for ./BCSymbolMaps/7BE10B37-EA68-3EDF-9DF6-DF57B950BC35.bcsymbolmap
copying file ./BCSymbolMaps/D780FF58-4E65-3CB8-BCF2-1EB8E3E226C7.bcsymbolmap ... 
2017-11-08 12:45:40 +0000  12796 bytes for ./BCSymbolMaps/D780FF58-4E65-3CB8-BCF2-1EB8E3E226C7.bcsymbolmap
2017-11-08 12:45:40 +0000  copying file ./Payload/ShellScriptBuildDemo.app/_CodeSignature/CodeResources ... 
2017-11-08 12:45:40 +0000  6057 bytes for ./Payload/ShellScriptBuildDemo.app/_CodeSignature/CodeResources
copying file ./Payload/ShellScriptBuildDemo.app/AppStoreExportOptionsPlist.plist ... 
2017-11-08 12:45:40 +0000  239 bytes for ./Payload/ShellScriptBuildDemo.app/AppStoreExportOptionsPlist.plist
copying file ./Payload/ShellScriptBuildDemo.app/archived-expanded-entitlements.xcent ... 
376 bytes for ./Payload/ShellScriptBuildDemo.app/archived-expanded-entitlements.xcent
2017-11-08 12:45:40 +0000  copying file ./Payload/ShellScriptBuildDemo.app/Base.lproj/LaunchScreen.storyboardc/01J-lp-oVM-view-Ze5-6b-2t3.nib ... 
1136 bytes for ./Payload/ShellScriptBuildDemo.app/Base.lproj/LaunchScreen.storyboardc/01J-lp-oVM-view-Ze5-6b-2t3.nib
2017-11-08 12:45:40 +0000  copying file ./Payload/ShellScriptBuildDemo.app/Base.lproj/LaunchScreen.storyboardc/Info.plist ... 
2017-11-08 12:45:40 +0000  258 bytes for ./Payload/ShellScriptBuildDemo.app/Base.lproj/LaunchScreen.storyboardc/Info.plist
copying file ./Payload/ShellScriptBuildDemo.app/Base.lproj/LaunchScreen.storyboardc/UIViewController-01J-lp-oVM.nib ... 
2017-11-08 12:45:40 +0000  832 bytes for ./Payload/ShellScriptBuildDemo.app/Base.lproj/LaunchScreen.storyboardc/UIViewController-01J-lp-oVM.nib
2017-11-08 12:45:40 +0000  copying file ./Payload/ShellScriptBuildDemo.app/Base.lproj/Main.storyboardc/BYZ-38-t0r-view-8bC-Xf-vdC.nib ... 
2017-11-08 12:45:40 +0000  1136 bytes for ./Payload/ShellScriptBuildDemo.app/Base.lproj/Main.storyboardc/BYZ-38-t0r-view-8bC-Xf-vdC.nib
copying file ./Payload/ShellScriptBuildDemo.app/Base.lproj/Main.storyboardc/Info.plist ... 
2017-11-08 12:45:40 +0000  258 bytes for ./Payload/ShellScriptBuildDemo.app/Base.lproj/Main.storyboardc/Info.plist
2017-11-08 12:45:40 +0000  copying file ./Payload/ShellScriptBuildDemo.app/Base.lproj/Main.storyboardc/UIViewController-BYZ-38-t0r.nib ... 
2017-11-08 12:45:40 +0000  916 bytes for ./Payload/ShellScriptBuildDemo.app/Base.lproj/Main.storyboardc/UIViewController-BYZ-38-t0r.nib
copying file ./Payload/ShellScriptBuildDemo.app/Build.sh ... 
2017-11-08 12:45:40 +0000  10159 bytes for ./Payload/ShellScriptBuildDemo.app/Build.sh
copying file ./Payload/ShellScriptBuildDemo.app/DevelopmentExportOptionsPlist.plist ... 
2017-11-08 12:45:40 +0000  42 bytes for ./Payload/ShellScriptBuildDemo.app/DevelopmentExportOptionsPlist.plist
copying file ./Payload/ShellScriptBuildDemo.app/embedded.mobileprovision ... 
2017-11-08 12:45:40 +0000  7485 bytes for ./Payload/ShellScriptBuildDemo.app/embedded.mobileprovision
2017-11-08 12:45:40 +0000  copying file ./Payload/ShellScriptBuildDemo.app/Info.plist ... 
2017-11-08 12:45:40 +0000  1137 bytes for ./Payload/ShellScriptBuildDemo.app/Info.plist
copying file ./Payload/ShellScriptBuildDemo.app/PkgInfo ... 
8 bytes for ./Payload/ShellScriptBuildDemo.app/PkgInfo
copying file ./Payload/ShellScriptBuildDemo.app/ShellScriptBuildDemo ... 
2017-11-08 12:45:40 +0000  259696 bytes for ./Payload/ShellScriptBuildDemo.app/ShellScriptBuildDemo
2017-11-08 12:45:40 +0000 [MT] /usr/bin/ditto exited with 0
2017-11-08 12:45:40 +0000 [MT] Processing step: IDEDistributionCreateManifestStep
2017-11-08 12:45:40 +0000 [MT] Skipping step: IDEDistributionCreateManifestStep because it said so
